[debug] [2022-08-01T16:54:57.070Z] ----------------------------------------------------------------------
[debug] [2022-08-01T16:54:57.072Z] Command:       C:\Program Files\nodejs\node.exe C:\Users\USER\AppData\Roaming\npm\node_modules\firebase-tools\lib\bin\firebase.js init
[debug] [2022-08-01T16:54:57.072Z] CLI Version:   11.4.1
[debug] [2022-08-01T16:54:57.073Z] Platform:      win32
[debug] [2022-08-01T16:54:57.073Z] Node Version:  v16.16.0
[debug] [2022-08-01T16:54:57.074Z] Time:          Mon Aug 01 2022 11:54:57 GMT-0500 (Central Daylight Time)
[debug] [2022-08-01T16:54:57.074Z] ----------------------------------------------------------------------
[debug] 
[debug] [2022-08-01T16:54:57.152Z] > command requires scopes: ["email","openid","https://www.googleapis.com/auth/cloudplatformprojects.readonly","https://www.googleapis.com/auth/firebase","https://www.googleapis.com/auth/cloud-platform"]
[debug] [2022-08-01T16:54:57.152Z] > authorizing via signed-in user (anik.haque.cse1@gmail.com)
[info] 
     ######## #### ########  ######## ########     ###     ######  ########
     ##        ##  ##     ## ##       ##     ##  ##   ##  ##       ##
     ######    ##  ########  ######   ########  #########  ######  ######
     ##        ##  ##    ##  ##       ##     ## ##     ##       ## ##
     ##       #### ##     ## ######## ########  ##     ##  ######  ########

You're about to initialize a Firebase project in this directory:

  D:\simple-record-system

Before we get started, keep in mind:

  * You are initializing within an existing Firebase project directory

[info] 
=== Project Setup
[info] 
[info] First, let's associate this project directory with a Firebase project.
[info] You can create multiple project aliases by running firebase use --add, 
[info] but for now we'll just set up a default project.
[info] 
[debug] [2022-08-01T16:55:04.343Z] Using project from CLI flag: resturant-project
[debug] [2022-08-01T16:55:04.346Z] >>> [apiv2][query] GET https://firebase.googleapis.com/v1beta1/projects/resturant-project [none]
[debug] [2022-08-01T16:55:04.946Z] <<< [apiv2][status] GET https://firebase.googleapis.com/v1beta1/projects/resturant-project 403
[debug] [2022-08-01T16:55:04.947Z] <<< [apiv2][body] GET https://firebase.googleapis.com/v1beta1/projects/resturant-project {"error":{"code":403,"message":"The caller does not have permission","status":"PERMISSION_DENIED"}}
[debug] [2022-08-01T16:55:04.949Z] HTTP Error: 403, The caller does not have permission
[debug] [2022-08-01T16:55:05.623Z] FirebaseError: HTTP Error: 403, The caller does not have permission
    at responseToError (C:\Users\USER\AppData\Roaming\npm\node_modules\firebase-tools\lib\responseToError.js:49:12)
    at RetryOperation._fn (C:\Users\USER\AppData\Roaming\npm\node_modules\firebase-tools\lib\apiv2.js:288:77)
    at processTicksAndRejections (node:internal/process/task_queues:96:5)
[error] 
[error] Error: Failed to get Firebase project resturant-project. Please make sure the project exists and your account has permission to access it.
